INFO:     Shutting down
INFO:     Waiting for application shutdown.
INFO:     Application shutdown complete.
INFO:     Finished server process [425230]
INFO:     Started server process [441391]
INFO:     Waiting for application startup.
INFO:     Application startup complete.
INFO:     Uvicorn running on http://0.0.0.0:8000 (Press CTRL+C to quit)

[MAPS] Searching: 'Gym in Dubai'
[MAPS] 32 listings dikhe. Processing...
   [1] ReStart Fitness Center & Gym | tel:0542457211 | NO Website
   [SKIP] Has professional website: https://gymnation.com/gymsnearme/bur-dubai/
   [SKIP] Has professional website: https://thetotalfitdubai.com/
   [SKIP] Has professional website: https://binousgym.com/
   [SKIP] Has professional website: http://whgym.com/
   [SKIP] Has professional website: https://gymnation.com/gymsnearme/downtown-dubai/
   [SKIP] Has professional website: https://www.dubai.generationirongym.com/
   [SKIP] Has professional website: https://gymnation.com/hiitworkout/
   [SKIP] Has professional website: https://www.snapfitness.com/ae/gyms/downtown
   [2] New Cityman Fitness Gym | tel:044579986 | NO Website
   [SKIP] Has professional website: http://www.365fitness.ae/
   [SKIP] Has professional website: https://www.roar-fitness.com/dubai/
   [SKIP] Has professional website: https://www.baybodyspace.ae/
   [SKIP] Has professional website: https://www.1rebel.ae/
   [SKIP] Too few reviews (0): Luxury 4BR Flat, Downtown Dubai, Pool, Gym, PS5, Sleeps 11 Guests
   [3] Restart Fitness Center | Gym - Bur Dubai | tel:0545924155 | NO Website
   [SKIP] Too few reviews (0): Stylish Studio Walk to Dubai Mall Burj Khalifa with Pool, Gym Balcony - One-Bedroom Apartment
   [SKIP] Has professional website: https://veofitness.com/
   [SKIP] Has professional website: https://www.whgym.com/
   [SKIP] Has professional website: https://51gym.ae/
   [SKIP] Has professional website: https://www.snapfitness.com/ae/gyms/dubai-mediacity
   [SKIP] Has professional website: https://www.intotheroom.com/
   [SKIP] Has professional website: http://971mma.com/
   [SKIP] Has professional website: https://nitrogymuae.com/
   [SKIP] Has professional website: https://embodyfitness.ae/personal-training-sheikh-zayed-road/
   [SKIP] Has professional website: http://www.crunchfitnessuae.com/
   [SKIP] Has professional website: http://www.my30minutes.com/
   [4] Wellfit Meydan | tel:8009355348 | YES
   [SKIP] No phone number: Al Barsha Gym
   [5] SEVEN Wellness Club | tel:042323737 | YES
   [6] Fitness Avenue | tel:042384427 | NO Website

[MAPS] Total real leads found: 6
[DB] Saved: 6 | Skipped (duplicate): 0
[SOCIAL] Searching instagram...
[SOCIAL] Searching twitter...
[SOCIAL] Searching linkedin...
INFO:     127.0.0.1:41618 - "POST /search HTTP/1.1" 200 OK
INFO:     127.0.0.1:40772 - "GET / HTTP/1.1" 200 OK

[MAPS] Searching: 'Barbershop in London'
[MAPS] 32 listings dikhe. Processing...
   [SKIP] Has professional website: https://www.vagaro.com/carpediem
   [SKIP] Has professional website: http://wearehuckle.com/
   [SKIP] Has professional website: https://thehumblebarber1972.co.uk/
   [SKIP] Has professional website: https://www.murdocklondon.com/
   [SKIP] Has professional website: http://www.thebarbershoponmillstreet.com/
   [SKIP] Has professional website: https://fitzroviabarbers.net/
   [SKIP] Has professional website: https://rwwolf.com/locations/monument/?utm_source=gmb&utm_medium=organic
   [SKIP] Has professional website: http://www.pankhurstlondon.com/
   [SKIP] Has professional website: https://gentlemansfade.mytreatwell.co.uk/
   [SKIP] Has professional website: http://www.haircutlondonstudio.co.uk/
   [SKIP] Has professional website: https://www.pallmallbarbers.com/location/pall-mall-barbers-trafalgar-square/?utm_source=GMBTrafalgar&utm_medium=GMBTrafalgar&utm_campaign=weblink
   [SKIP] Has professional website: http://luxury-barber.co.uk/
   [SKIP] Has professional website: http://www.murdocklondon.com/
   [SKIP] Has professional website: https://www.vipemperor.co.uk/
   [SKIP] No phone number: Reliable Barbers London
   [SKIP] Has professional website: http://www.barbersmiths.co.uk/
   [SKIP] Has professional website: http://www.ruffians.co.uk/
   [SKIP] Has professional website: https://www.hairesies.com/
   [1] London Gents Barbers | tel:07404090700 | NO Website
   [SKIP] Has professional website: http://boswellbarbers.co.uk/
   [SKIP] Has professional website: https://www.pallmallbarbers.com/location/pall-mall-barbers-liverpool-street/?utm_source=google&utm_medium=organic&utm_campaign=google_business_profile_liverpoolstreet
   [SKIP] Has professional website: https://www.tedsgroomingroom.com/locations/churchill-place---canary-wharf?utm_source=google&utm_medium=churchillplacecanarywharf&utm_id=GMB
   [SKIP] Has professional website: https://www.pallmallbarbers.com/location/pall-mall-barbers-paddington/?utm_source=google&utm_medium=organic&utm_campaign=google_business_profile_paddington
   [SKIP] Has professional website: http://www.4seasonslondon.co.uk/
   [SKIP] Has professional website: http://www.rockerfellabarbers.com/
   [2] London barber | tel:07501099583 | NO Website
   [SKIP] Has professional website: http://www.hestory.com/
   [SKIP] No phone number: Pall Mall Barbers Oxford Circus
   [SKIP] Has professional website: https://www.pallmallbarbers.com/location/pall-mall-barbers-liverpool-street/?utm_source=google&utm_medium=organic&utm_campaign=google_business_profile_liverpoolstreet
   [SKIP] Has professional website: https://oldschoolbarbers.co.uk/
   [SKIP] Has professional website: https://www.bookexperts.co.uk/mo-murad
   [SKIP] Has professional website: https://www.pallmallbarbers.com/location/kings-cross/?utm_source=google&utm_medium=organic&utm_campaign=google_business_profile_kingscross

[MAPS] Total real leads found: 2
[DB] Saved: 2 | Skipped (duplicate): 0
[SOCIAL] Searching instagram...
[SOCIAL] Searching twitter...
[SOCIAL] Searching linkedin...
INFO:     127.0.0.1:60322 - "GET / HTTP/1.1" 200 OK
INFO:     Shutting down
INFO:     Waiting for application shutdown.
INFO:     Application shutdown complete.
INFO:     Finished server process [441391]
